ucliGUI::start /home/mrx/ADDER_TEST/Prefix_ADDER/sim/simv -ucligui 
set ucliGUI::state
set ucliGUI::state
ucliCore::getToolPID
synopsys::env hasTB
trigger_hier_stack_context_switch 0
synUtils::setDVEInitPhase 1
synopsys::dump -type VPD -file /home/mrx/ADDER_TEST/Prefix_ADDER/sim/inter.vpd -locking
synopsys::dump -autoflush on -fid VPD2
set ::dve_fid VPD2
synUtils::setDVEInitPhase 0
ucliCore::getToolPID
synUtils::sendTool -active _icl_setToolSocket /tmp/smlnpzNe63t
synUtils::sendTool -active {_icl_start_rpc -version "O-2018.09-SP2_Full64" -sync_file /tmp/vcs_dve_rpc.mrx.184865}
synUtils::sendTool -active {_icl_createSharedMemory /tmp/vcs_dve_general.mrx.184865}
config endofsim noexit
config onfail enable all
config syscaddplainmembers
config syscaddsourcenames
config syscaddstructtypes
synopsys::listing -disable
# Begin_DVE_Session_Save_Info
# DVE restart session
# Saved on Wed Aug 21 19:50:10 2024
# Designs open: 1
#   Sim: /home/mrx/ADDER_TEST/Prefix_ADDER/sim/simv
# Toplevel windows open: 2
# 	TopLevel.1
# 	TopLevel.2
#   Source.1: testbench
#   Wave.1: 10 signals
#   Group count = 2
#   Group Group1 signal count = 3
#   Group Group2 signal count = 10
# End_DVE_Session_Save_Info
# DVE version: O-2018.09-SP2_Full64
# DVE build date: Feb 28 2019 23:39:41
#<Session mode="Restart" path=".restartSimSession.tcl" type="Debug">
# Application preferences
#<WindowLayout>
# DVE top-level session
# Create and position top-level window: TopLevel.1
set TopLevel.1 TopLevel.1
# Docked window settings
set HSPane.1 HSPane.1
set Hier.1 Hier.1
set DLPane.1 DLPane.1
set Data.1 Data.1
set Console.1 Console.1
# MDI window settings
set Source.1 Source.1
# End MDI window settings
# Create and position top-level window: TopLevel.2
set TopLevel.2 TopLevel.2
# Docked window settings
# MDI window settings
set Wave.1 Wave.1
# End MDI window settings
#</WindowLayout>
#<Database>
#</Database>
# DVE Global setting session:
# Global: Breakpoints
# Global: Bus
# Global: Expressions
# Global: Signal Time Shift
# Global: Signal Compare
# Global: Signal Groups
synopsys::dump -add {testbench.Op_Gen} -scope "." -depth 1 -fid VPD2
synopsys::dump -add {testbench} -scope "." -depth 1 -fid VPD2
set _session_group_2 Group1
set Group1 "$_session_group_2"
set _session_group_3 Group2
set Group2 "$_session_group_3"
# Global: Highlighting
# Global: Stack
# Post database loading setting...
# Save global setting...
# Wave/List view global setting
# Close all empty TopLevel windows
foreach __top [gui_ekki_get_window_ids -type TopLevel] {     if { [llength [gui_ekki_get_window_ids -parent $__top]] == 0} {         gui_close_window -window $__top     } }
# DVE View/pane content session:
# Hier 'Hier.1'
catch {gui_list_select -id ${Hier.1} {testbench}}
# Data 'Data.1'
catch { gui_list_select -id ${Data.1} {{testbench.unnamed$$_0} testbench.i_CI testbench.ref_SUM testbench.o_SUM testbench.i_A testbench.i_B testbench.Error_CNT testbench.o_CO testbench.ref_CO testbench.WIDTH }}
# Source 'Source.1'
# View 'Wave.1'
set groupExD [gui_get_pref_value -category Wave -key exclusiveSG]
set origWaveHeight [gui_get_pref_value -category Wave -key waveRowHeight]
set origGroupCreationState [gui_list_create_group_when_add -wave]
if {$origGroupCreationState} { 	gui_list_create_group_when_add -wave -enable }
if { $groupExD } {  gui_msg_report -code DVWW028 }
# Restore toplevel window zorder
# The toplevel window could be closed if it has no view/pane
if {[gui_exist_window -window ${TopLevel.1}]} { 	gui_set_active_window -window ${TopLevel.1} 	gui_set_active_window -window ${Source.1} 	gui_set_active_window -window ${DLPane.1} }
if {[gui_exist_window -window ${TopLevel.2}]} { 	gui_set_active_window -window ${TopLevel.2} 	gui_set_active_window -window ${Wave.1} }
#</Session>
synopsys::run
set ucliGUI::state
set ucliGUI::state
set ucliGUI::state
set ucliGUI::state
tcl_source /home/mrx/EDA/Synopsys/vcs/O-2018.09-SP2/gui/dve/auxx/gui/dve/schematic.tcl
tcl_source /home/mrx/EDA/Synopsys/vcs/O-2018.09-SP2/gui/dve/auxx/gui/common/schematic/base.tcl
tcl_source /home/mrx/EDA/Synopsys/vcs/O-2018.09-SP2/gui/dve/auxx/gui/common/schematic/enable.tcl
tcl_source /home/mrx/EDA/Synopsys/vcs/O-2018.09-SP2/gui/dve/auxx/gui/common/schematic/netlist.tcl
tcl_source /home/mrx/EDA/Synopsys/vcs/O-2018.09-SP2/gui/dve/auxx/gui/common/schematic/method.tcl
tcl_source /home/mrx/EDA/Synopsys/vcs/O-2018.09-SP2/gui/dve/auxx/gui/common/strokes/stroke_defaults.tcl
tcl_source /home/mrx/EDA/Synopsys/vcs/O-2018.09-SP2/gui/dve/auxx/gui/common/dialogs/ObjectListInfo.tcl
tcl_source /home/mrx/EDA/Synopsys/vcs/O-2018.09-SP2/gui/dve/auxx/gui/common/schematic/DialogPathSchematicFanInOut.tcl
tcl_source /home/mrx/EDA/Synopsys/vcs/O-2018.09-SP2/gui/dve/auxx/gui/dve/driversloads.tcl
if [catch {gui_sim_terminate}] {gui_sim_terminate -kill}
synopsys::finish
set ucliGUI::state
set ucliGUI::state
ucli_exit
