19:50:10    234 --> ...                                      [tcl] ucliGUI::start /home/mrx/ADDER_TEST/Prefix_ADDER/sim/simv -ucligui 
19:50:10    235 --> ...                                          [tcl] set ucliGUI::state
19:50:10    236 --> ...                                              [tcl] gui_update_simulator_buttons
19:50:11    237 --> ...                                                  [tcl] set ucliGUI::state
19:50:11    238 --> ...                                                      [tcl] ucliCore::getToolPID
19:50:11    239 --> ...                                                          [tcl] synopsys::env hasTB
19:50:11    240 --> ...                                                              [tcl] trigger_hier_stack_context_switch 0
19:50:11    241 --> ...                                                                  [tcl] synUtils::setDVEInitPhase 1
19:50:11    242 --> ...                                                                      [tcl] gui_get_env SIMSETUP::SIMVPD
19:50:11    243 --> ...                                                                          [tcl] synopsys::dump -type VPD -file /home/mrx/ADDER_TEST/Prefix_ADDER/sim/inter.vpd -locking
19:50:11    244 --> ...                                                                              [tcl] synopsys::dump -autoflush on -fid VPD2
19:50:11    245 --> ...                                                                                  [tcl] set ::dve_fid VPD2
19:50:11    246 --> ...                                                                                      [tcl] synUtils::setDVEInitPhase 0
19:50:11    247 --> ...                                                                                          [tcl] ucliCore::getToolPID
19:50:11    248 --> ...                                                                                              [tcl] synUtils::sendTool -active _icl_setToolSocket /tmp/smlnpzNe63t
19:50:11    249 --> ...                                                                                                  [tcl] synUtils::sendTool -active {_icl_start_rpc -version "O-2018.09-SP2_Full64" -sync_file /tmp/vcs_dve_rpc.mrx.184865}
19:50:11    250 --> ...  [tcl] synUtils::sendTool -active {_icl_createSharedMemory /tmp/vcs_dve_general.mrx.184865}
19:50:11    251 --> ...      [tcl] config endofsim noexit
19:50:11    252 --> ...          [tcl] config onfail enable all
19:50:11    253 --> ...              [tcl] config syscaddplainmembers
19:50:11    254 --> ...                  [tcl] config syscaddsourcenames
19:50:11    255 --> ...                      [tcl] config syscaddstructtypes
19:50:11    256 --> ...                          [tcl] synopsys::listing -disable
19:50:11    257 --> ...                              [tcl] # Begin_DVE_Session_Save_Info
19:50:11    258 --> ...                                  [tcl] # DVE restart session
19:50:11    259 --> ...                                      [tcl] # Saved on Wed Aug 21 19:50:10 2024
19:50:11    260 --> ...                                          [tcl] # Designs open: 1
19:50:11    261 --> ...                                              [tcl] #   Sim: /home/mrx/ADDER_TEST/Prefix_ADDER/sim/simv
19:50:11    262 --> ...                                                  [tcl] # Toplevel windows open: 2
19:50:11    263 --> ...                                                      [tcl] # 	TopLevel.1
19:50:11    264 --> ...                                                          [tcl] # 	TopLevel.2
19:50:11    265 --> ...                                                              [tcl] #   Source.1: testbench
19:50:11    266 --> ...                                                                  [tcl] #   Wave.1: 10 signals
19:50:11    267 --> ...                                                                      [tcl] #   Group count = 2
19:50:11    268 --> ...                                                                          [tcl] #   Group Group1 signal count = 3
19:50:11    269 --> ...                                                                              [tcl] #   Group Group2 signal count = 10
19:50:11    270 --> ...                                                                                  [tcl] # End_DVE_Session_Save_Info
19:50:11    271 --> ...                                                                                      [tcl] # DVE version: O-2018.09-SP2_Full64
19:50:11    272 --> ...                                                                                          [tcl] # DVE build date: Feb 28 2019 23:39:41
19:50:11    273 --> ...                                                                                              [tcl] #<Session mode="Restart" path=".restartSimSession.tcl" type="Debug">
19:50:11    274 --> ...                                                                                                  [tcl] gui_set_loading_session_type Restart
19:50:11    275 --> ...  [tcl] gui_continuetime_set
19:50:11    276 --> ...      [tcl] gui_clear_window -type Wave
19:50:11    277 --> ...          [tcl] gui_clear_window -type List
19:50:11    278 --> ...              [tcl] # Application preferences
19:50:11    279 --> ...                  [tcl] gui_set_pref_value -key app_default_font -value {Helvetica,10,-1,5,50,0,0,0,0,0}
19:50:11    280 --> ...                      [tcl] gui_src_preferences -tabstop 8 -maxbits 24 -windownumber 1
19:50:11    281 --> ...                          [tcl] #<WindowLayout>
19:50:11    282 --> ...                              [tcl] # DVE top-level session
19:50:11    283 --> ...                                  [tcl] # Create and position top-level window: TopLevel.1
19:50:11    284 --> ...                                      [tcl] set TopLevel.1 TopLevel.1
19:50:11    285 --> ...                                          [tcl] # Docked window settings
19:50:11    286 --> ...                                              [tcl] set HSPane.1 HSPane.1
19:50:11    287 --> ...                                                  [tcl] set Hier.1 Hier.1
19:50:11    288 --> ...                                                      [tcl] set DLPane.1 DLPane.1
19:50:11    289 --> ...                                                          [tcl] set Data.1 Data.1
19:50:11    290 --> ...                                                              [tcl] set Console.1 Console.1
19:50:11    291 --> ...                                                                  [tcl] gui_sync_global -id ${TopLevel.1} -option true
19:50:11    292 --> ...                                                                      [tcl] # MDI window settings
19:50:11    293 --> ...                                                                          [tcl] set Source.1 Source.1
19:50:11    294 --> ...                                                                              [tcl] gui_update_layout -id ${Source.1} {{show_state maximized} {dock_state undocked} {dock_on_new_line false}}
19:50:11    295 --> ...                                                                                  [tcl] # End MDI window settings
19:50:11    296 --> ...                                                                                      [tcl] # Create and position top-level window: TopLevel.2
19:50:11    297 --> ...                                                                                          [tcl] set TopLevel.2 TopLevel.2
19:50:11    298 --> ...                                                                                              [tcl] # Docked window settings
19:50:11    299 --> ...                                                                                                  [tcl] gui_sync_global -id ${TopLevel.2} -option true
19:50:11    300 --> ...  [tcl] # MDI window settings
19:50:11    301 --> ...      [tcl] set Wave.1 Wave.1
19:50:11    302 --> ...          [tcl] gui_update_layout -id ${Wave.1} {{show_state maximized} {dock_state undocked} {dock_on_new_line false} {child_wave_left 441} {child_wave_right 1076} {child_wave_colname 218} {child_wave_colvalue 218} {child_wave_col1 0} {child_wave_col2 1}}
19:50:11    303 --> ...              [tcl] # End MDI window settings
19:50:11    304 --> ...                  [tcl] #</WindowLayout>
19:50:11    305 --> ...                      [tcl] #<Database>
19:50:11    306 --> ...                          [tcl] gui_set_precision 1ps
19:50:11    307 --> ...                              [tcl] gui_set_time_units 1ps
19:50:11    308 --> ...                                  [tcl] #</Database>
19:50:11    309 --> ...                                      [tcl] # DVE Global setting session:
19:50:11    310 --> ...                                          [tcl] # Global: Breakpoints
19:50:11    311 --> ...                                              [tcl] # Global: Bus
19:50:11    312 --> ...                                                  [tcl] # Global: Expressions
19:50:11    313 --> ...                                                      [tcl] # Global: Signal Time Shift
19:50:11    314 --> ...                                                          [tcl] # Global: Signal Compare
19:50:11    315 --> ...                                                              [tcl] # Global: Signal Groups
19:50:11    316 --> ...                                                                  [tcl] gui_load_child_values {testbench.Op_Gen}
19:50:11    317 --> ...                                                                      [tcl] synopsys::dump -add {testbench.Op_Gen} -scope "." -depth 1 -fid VPD2
19:50:11    318 --> ...                                                                          [tcl] gui_load_child_values {testbench}
19:50:11    319 --> ...                                                                              [tcl] synopsys::dump -add {testbench} -scope "." -depth 1 -fid VPD2
19:50:11    320 --> ...                                                                                  [tcl] set _session_group_2 Group1
19:50:11    321 --> ...                                                                                      [tcl] gui_sg_create "$_session_group_2"
19:50:11    322 --> ...                                                                                          [tcl] set Group1 "$_session_group_2"
19:50:11    323 --> ...                                                                                              [tcl] gui_sg_addsignal -group "$_session_group_2" { testbench.Op_Gen.i_A testbench.Op_Gen.i_B testbench.Op_Gen.i_CI }
19:50:11    324 --> ...                                                                                                  [tcl] set _session_group_3 Group2
19:50:11    325 --> ...  [tcl] gui_sg_create "$_session_group_3"
19:50:11    326 --> ...      [tcl] set Group2 "$_session_group_3"
19:50:11    327 --> ...          [tcl] gui_sg_addsignal -group "$_session_group_3" { {testbench.unnamed$$_0} testbench.i_CI testbench.ref_SUM testbench.o_SUM testbench.i_A testbench.i_B testbench.Error_CNT testbench.o_CO testbench.ref_CO testbench.WIDTH }
19:50:11    328 --> ...              [tcl] dveMisc::vbusExpand testbench
19:50:11    329 --> ...                  [tcl] gui_set_radix -radix {decimal} -signals {Sim:testbench.Error_CNT}
19:50:11    330 --> ...                      [tcl] gui_set_radix -radix {twosComplement} -signals {Sim:testbench.Error_CNT}
19:50:11    331 --> ...                          [tcl] gui_set_radix -radix {decimal} -signals {Sim:testbench.WIDTH}
19:50:11    332 --> ...                              [tcl] gui_set_radix -radix {twosComplement} -signals {Sim:testbench.WIDTH}
19:50:11    333 --> ...                                  [tcl] # Global: Highlighting
19:50:11    334 --> ...                                      [tcl] # Global: Stack
19:50:11    335 --> ...                                          [tcl] gui_change_stack_mode -mode list
19:50:11    336 --> ...                                              [tcl] # Post database loading setting...
19:50:11    337 --> ...                                                  [tcl] # Save global setting...
19:50:11    338 --> ...                                                      [tcl] # Wave/List view global setting
19:50:11    339 --> ...                                                          [tcl] gui_cov_show_value -switch false
19:50:11    340 --> ...                                                              [tcl] # Close all empty TopLevel windows
19:50:11    341 --> ...                                                                  [tcl] foreach __top [gui_ekki_get_window_ids -type TopLevel] {     if { [llength [gui_ekki_get_window_ids -parent $__top]] == 0} {         gui_close_window -window $__top     } }
19:50:11    342 --> ...                                                                      [tcl] gui_set_loading_session_type noSession
19:50:11    343 --> ...                                                                          [tcl] # DVE View/pane content session:
19:50:11    344 --> ...                                                                              [tcl] # Hier 'Hier.1'
19:50:11    345 --> ...                                                                                  [tcl] gui_show_window -window ${Hier.1}
19:50:11    346 --> ...                                                                                      [tcl] gui_list_set_filter -id ${Hier.1} -list { {Package 1} {All 0} {Process 1} {VirtPowSwitch 0} {UnnamedProcess 1} {UDP 0} {Function 1} {Block 1} {SrsnAndSpaCell 0} {OVA Unit 1} {LeafScCell 1} {LeafVlgCell 1} {Interface 1} {LeafVhdCell 1} {$unit 1} {NamedBlock 1} {Task 1} {VlgPackage 1} {ClassDef 1} {VirtIsoCell 0} }
19:50:11    347 --> ...                                                                                          [tcl] gui_list_set_filter -id ${Hier.1} -text {*}
19:50:11    348 --> ...                                                                                              [tcl] gui_change_design -id ${Hier.1} -design Sim
19:50:11    349 --> ...                                                                                                  [tcl] catch {gui_list_select -id ${Hier.1} {testbench}}
19:50:11    350 --> ...  [tcl] gui_view_scroll -id ${Hier.1} -vertical -set 0
19:50:11    351 --> ...      [tcl] gui_view_scroll -id ${Hier.1} -horizontal -set 0
19:50:11    352 --> ...          [tcl] # Data 'Data.1'
19:50:11    353 --> ...              [tcl] gui_list_set_filter -id ${Data.1} -list { {Buffer 1} {Input 1} {Others 1} {Linkage 1} {Output 1} {LowPower 1} {Parameter 1} {All 1} {Aggregate 1} {LibBaseMember 1} {Event 1} {Assertion 1} {Constant 1} {Interface 1} {BaseMembers 1} {Signal 1} {$unit 1} {Inout 1} {Variable 1} }
19:50:11    354 --> ...                  [tcl] gui_list_set_filter -id ${Data.1} -text {*}
19:50:11    355 --> ...                      [tcl] gui_list_show_data -id ${Data.1} {testbench}
19:50:11    356 --> ...                          [tcl] gui_show_window -window ${Data.1}
19:50:11    357 --> ...                              [tcl] catch { gui_list_select -id ${Data.1} {{testbench.unnamed$$_0} testbench.i_CI testbench.ref_SUM testbench.o_SUM testbench.i_A testbench.i_B testbench.Error_CNT testbench.o_CO testbench.ref_CO testbench.WIDTH }}
19:50:11    358 --> ...                                  [tcl] gui_view_scroll -id ${Data.1} -vertical -set 0
19:50:11    359 --> ...                                      [tcl] gui_view_scroll -id ${Data.1} -horizontal -set 0
19:50:11    360 --> ...                                          [tcl] gui_view_scroll -id ${Hier.1} -vertical -set 0
19:50:11    361 --> ...                                              [tcl] gui_view_scroll -id ${Hier.1} -horizontal -set 0
19:50:11    362 --> ...                                                  [tcl] # Source 'Source.1'
19:50:11    363 --> ...                                                      [tcl] gui_src_value_annotate -id ${Source.1} -switch false
19:50:11    364 --> ...                                                          [tcl] gui_set_env TOGGLE::VALUEANNOTATE 0
19:50:11    365 --> ...                                                              [tcl] gui_open_source -id ${Source.1}  -replace -active testbench /home/mrx/ADDER_TEST/Prefix_ADDER/sim/testbench.sv
19:50:11    366 --> ...                                                                  [tcl] gui_view_scroll -id ${Source.1} -vertical -set 450
19:50:11    367 --> ...                                                                      [tcl] gui_src_set_reusable -id ${Source.1}
19:50:11    368 --> ...                                                                          [tcl] # View 'Wave.1'
19:50:11    369 --> ...                                                                              [tcl] gui_wv_sync -id ${Wave.1} -switch false
19:50:11    370 --> ...                                                                                  [tcl] set groupExD [gui_get_pref_value -category Wave -key exclusiveSG]
19:50:11    371 --> ...                                                                                      [tcl] gui_set_pref_value -category Wave -key exclusiveSG -value {false}
19:50:11    372 --> ...                                                                                          [tcl] set origWaveHeight [gui_get_pref_value -category Wave -key waveRowHeight]
19:50:11    373 --> ...                                                                                              [tcl] gui_list_set_height -id Wave -height 25
19:50:11    374 --> ...                                                                                                  [tcl] set origGroupCreationState [gui_list_create_group_when_add -wave]
19:50:11    375 --> ...  [tcl] gui_list_create_group_when_add -wave -disable
19:50:11    376 --> ...      [tcl] gui_wv_zoom_timerange -id ${Wave.1} 0 352
19:50:11    377 --> ...          [tcl] gui_list_add_group -id ${Wave.1} -after {New Group} {Group2}
19:50:11    378 --> ...              [tcl] gui_seek_criteria -id ${Wave.1} {Any Edge}
19:50:11    379 --> ...                  [tcl] gui_set_env TOGGLE::DEFAULT_WAVE_WINDOW ${Wave.1}
19:50:11    380 --> ...                      [tcl] gui_set_pref_value -category Wave -key exclusiveSG -value $groupExD
19:50:11    381 --> ...                          [tcl] gui_list_set_height -id Wave -height $origWaveHeight
19:50:11    382 --> ...                              [tcl] if {$origGroupCreationState} { 	gui_list_create_group_when_add -wave -enable }
19:50:11    383 --> ...                                  [tcl] if { $groupExD } {  gui_msg_report -code DVWW028 }
19:50:11    384 --> ...                                      [tcl] gui_list_set_filter -id ${Wave.1} -list { {Buffer 1} {Input 1} {Others 1} {Linkage 1} {Output 1} {Parameter 1} {All 1} {Aggregate 1} {LibBaseMember 1} {Event 1} {Assertion 1} {Constant 1} {Interface 1} {BaseMembers 1} {Signal 1} {$unit 1} {Inout 1} {Variable 1} }
19:50:11    385 --> ...                                          [tcl] gui_list_set_filter -id ${Wave.1} -text {*}
19:50:11    386 --> ...                                              [tcl] gui_list_set_insertion_bar  -id ${Wave.1} -group Group2  -position in
19:50:11    387 --> ...                                                  [tcl] gui_view_scroll -id ${Wave.1} -vertical -set 0
19:50:11    388 --> ...                                                      [tcl] gui_show_grid -id ${Wave.1} -enable false
19:50:11    389 --> ...                                                          [tcl] # Restore toplevel window zorder
19:50:11    390 --> ...                                                              [tcl] # The toplevel window could be closed if it has no view/pane
19:50:11    391 --> ...                                                                  [tcl] if {[gui_exist_window -window ${TopLevel.1}]} { 	gui_set_active_window -window ${TopLevel.1} 	gui_set_active_window -window ${Source.1} 	gui_set_active_window -window ${DLPane.1} }
19:50:11    392 --> ...                                                                      [tcl] if {[gui_exist_window -window ${TopLevel.2}]} { 	gui_set_active_window -window ${TopLevel.2} 	gui_set_active_window -window ${Wave.1} }
19:50:11    393 --> ...                                                                          [tcl] #</Session>
19:50:27    394 --> ...                                                                              [tcl] synopsys::run
19:50:27    395 --> ...                                                                                  [tcl] set ucliGUI::state
19:50:27    396 --> ...                                                                                      [tcl] gui_update_simulator_buttons
19:50:27    397 --> ...                                                                                          [tcl] set ucliGUI::state
19:50:27    398 --> ...                                                                                              [tcl] gui_update_simulator_buttons
19:50:28    399 --> ...                                                                                                  [tcl] set ucliGUI::state
19:50:28    400 --> ...  [tcl] set ucliGUI::state
19:50:28    401 --> ...      [tcl] catch {senv activeDomain} dveMisc::result 
19:50:28    402 --> ...          [tcl] set dveMisc::result
19:50:28    403 --> ...              [tcl] gui_update_simulator_buttons
19:52:08    404 --> ...                  [tcl] tcl_source /home/mrx/EDA/Synopsys/vcs/O-2018.09-SP2/gui/dve/auxx/gui/dve/schematic.tcl
19:52:08    405 --> ...                      [tcl] tcl_source /home/mrx/EDA/Synopsys/vcs/O-2018.09-SP2/gui/dve/auxx/gui/common/schematic/base.tcl
19:52:08    406 --> ...                          [tcl] tcl_source /home/mrx/EDA/Synopsys/vcs/O-2018.09-SP2/gui/dve/auxx/gui/common/schematic/enable.tcl
19:52:08    407 --> ...                              [tcl] tcl_source /home/mrx/EDA/Synopsys/vcs/O-2018.09-SP2/gui/dve/auxx/gui/common/schematic/netlist.tcl
19:52:08    408 --> ...                                  [tcl] tcl_source /home/mrx/EDA/Synopsys/vcs/O-2018.09-SP2/gui/dve/auxx/gui/common/schematic/method.tcl
19:52:08    409 --> ...                                      [tcl] tcl_source /home/mrx/EDA/Synopsys/vcs/O-2018.09-SP2/gui/dve/auxx/gui/common/strokes/stroke_defaults.tcl
19:52:08    410 --> ...                                          [tcl] tcl_source /home/mrx/EDA/Synopsys/vcs/O-2018.09-SP2/gui/dve/auxx/gui/common/dialogs/ObjectListInfo.tcl
19:52:08    411 --> ...                                              [tcl] tcl_source /home/mrx/EDA/Synopsys/vcs/O-2018.09-SP2/gui/dve/auxx/gui/common/schematic/DialogPathSchematicFanInOut.tcl
19:52:08    412 --> ...                                                  [tcl] tcl_source /home/mrx/EDA/Synopsys/vcs/O-2018.09-SP2/gui/dve/auxx/gui/dve/driversloads.tcl
19:52:15    413 --> ...                                                      [tcl] dveMisc::vbusExpand testbench.u_Prefix_adder
19:55:03    414 --> ...                                                          [tcl] if [catch {gui_sim_terminate}] {gui_sim_terminate -kill}
19:55:03    415 --> ...                                                              [tcl] synopsys::finish
19:55:03    416 --> ...                                                                  [tcl] set ucliGUI::state
19:55:03    417 --> ...                                                                      [tcl] gui_update_simulator_buttons
19:55:03    418 --> ...                                                                          [tcl] set ucliGUI::state
19:55:03    419 --> ...                                                                              [tcl] catch {senv activeDomain} dveMisc::result 
19:55:03    420 --> ...                                                                                  [tcl] set dveMisc::result
19:55:03    421 --> ...                                                                                      [tcl] gui_update_simulator_buttons
19:55:03    422 --> ...                                                                                          [tcl] catch {senv activeDomain} dveMisc::result 
19:55:03    423 --> ...                                                                                              [tcl] set dveMisc::result
19:55:03    424 --> ...                                                                                                  [tcl] ucli_exit
