set ucliGUI::state
set ucliGUI::state
ucliCore::getToolPID
synopsys::env hasTB
trigger_hier_stack_context_switch 0
synUtils::setDVEInitPhase 1
synopsys::dump -type VPD -file /mnt/DigitalICD/Fulladder_makefile/sim/inter.vpd -locking
synopsys::dump -autoflush on -fid VPD0
set ::dve_fid VPD0
synUtils::setDVEInitPhase 0
ucliCore::getToolPID
synUtils::sendTool -active _icl_setToolSocket /tmp/smlnpgT4kaf
synUtils::sendTool -active {_icl_start_rpc -version "O-2018.09-SP2-2_Full64" -sync_file /tmp/vcs_dve_rpc.user.33247}
synUtils::sendTool -active {_icl_createSharedMemory /tmp/vcs_dve_general.user.33247}
config endofsim noexit
config onfail enable all
config syscaddplainmembers
config syscaddsourcenames
config syscaddstructtypes
synopsys::listing -disable
synopsys::dump -add {FullAdder_tb.u_FullAdder.A FullAdder_tb.u_FullAdder.B FullAdder_tb.u_FullAdder.CIN FullAdder_tb.u_FullAdder.COUT FullAdder_tb.u_FullAdder.S } -aggregates  -fid VPD0
synopsys::run
set ucliGUI::state
set ucliGUI::state
set ucliGUI::state
set ucliGUI::state
if [catch {gui_sim_terminate}] {gui_sim_terminate -kill}
synopsys::finish
set ucliGUI::state
set ucliGUI::state
ucli_exit
