00:34:48    16 -->                                                             [tcl] ucliGUI::connect -toolargs -ucligui -toolexe ./simv -pid 33247 -toolin /tmp/vcs_20240918163439_33246_.stdin -toolout /tmp/vcs_20240918163439_33246_.stdout  
00:34:48    17 -->                                                                 [tcl] set ucliGUI::state
00:34:48    18 -->                                                                     [tcl] gui_update_simulator_buttons
00:34:55    19 -->                                                                         [tcl] set ucliGUI::state
00:34:55    20 -->                                                                             [tcl] ucliCore::getToolPID
00:34:55    21 -->                                                                                 [tcl] synopsys::env hasTB
00:34:55    22 -->                                                                                     [tcl] trigger_hier_stack_context_switch 0
00:34:55    23 -->                                                                                         [tcl] synUtils::setDVEInitPhase 1
00:34:55    24 -->                                                                                             [tcl] gui_get_env SIMSETUP::SIMVPD
00:34:55    25 --> ...  [tcl] synopsys::dump -type VPD -file /mnt/DigitalICD/Fulladder_makefile/sim/inter.vpd -locking
00:34:56    26 --> ...      [tcl] synopsys::dump -autoflush on -fid VPD0
00:34:56    27 --> ...          [tcl] set ::dve_fid VPD0
00:34:56    28 --> ...              [tcl] synUtils::setDVEInitPhase 0
00:34:56    29 --> ...                  [tcl] ucliCore::getToolPID
00:34:56    30 --> ...                      [tcl] synUtils::sendTool -active _icl_setToolSocket /tmp/smlnpgT4kaf
00:34:56    31 --> ...                          [tcl] synUtils::sendTool -active {_icl_start_rpc -version "O-2018.09-SP2-2_Full64" -sync_file /tmp/vcs_dve_rpc.user.33247}
00:34:56    32 --> ...                              [tcl] synUtils::sendTool -active {_icl_createSharedMemory /tmp/vcs_dve_general.user.33247}
00:34:56    33 --> ...                                  [tcl] dveMisc::vbusExpand FullAdder_tb
00:34:56    34 --> ...                                      [tcl] config endofsim noexit
00:34:56    35 --> ...                                          [tcl] config onfail enable all
00:34:56    36 --> ...                                              [tcl] config syscaddplainmembers
00:34:56    37 --> ...                                                  [tcl] config syscaddsourcenames
00:34:56    38 --> ...                                                      [tcl] config syscaddstructtypes
00:34:56    39 --> ...                                                          [tcl] synopsys::listing -disable
00:35:00    40 --> ...                                                              [tcl] dveMisc::vbusExpand FullAdder_tb.u_FullAdder
00:35:04    41 --> ...                                                                  [tcl] synopsys::dump -add {FullAdder_tb.u_FullAdder.A FullAdder_tb.u_FullAdder.B FullAdder_tb.u_FullAdder.CIN FullAdder_tb.u_FullAdder.COUT FullAdder_tb.u_FullAdder.S } -aggregates  -fid VPD0
00:35:07    42 --> ...                                                                      [tcl] synopsys::run
00:35:07    43 --> ...                                                                          [tcl] set ucliGUI::state
00:35:07    44 --> ...                                                                              [tcl] gui_update_simulator_buttons
00:35:07    45 --> ...                                                                                  [tcl] set ucliGUI::state
00:35:07    46 --> ...                                                                                      [tcl] set ucliGUI::state
00:35:07    47 --> ...                                                                                          [tcl] set ucliGUI::state
00:35:07    48 --> ...                                                                                              [tcl] catch {senv activeDomain} dveMisc::result 
00:35:07    49 --> ...                                                                                                  [tcl] set dveMisc::result
00:35:07    50 --> ...  [tcl] gui_update_simulator_buttons
00:35:49    51 --> ...      [tcl] if [catch {gui_sim_terminate}] {gui_sim_terminate -kill}
00:35:49    52 --> ...          [tcl] synopsys::finish
00:35:49    53 --> ...              [tcl] set ucliGUI::state
00:35:49    54 --> ...                  [tcl] gui_update_simulator_buttons
00:35:49    55 --> ...                      [tcl] set ucliGUI::state
00:35:49    56 --> ...                          [tcl] catch {senv activeDomain} dveMisc::result 
00:35:49    57 --> ...                              [tcl] set dveMisc::result
00:35:49    58 --> ...                                  [tcl] gui_update_simulator_buttons
00:35:49    59 --> ...                                      [tcl] catch {senv activeDomain} dveMisc::result 
00:35:49    60 --> ...                                          [tcl] set dveMisc::result
00:35:49    61 --> ...                                              [tcl] ucli_exit
