# Preference setting overrides
gui_create_pref_key -category {Globals} -key {load_detail_for_funcov} -value_type {bool} -value {false}

# State setting overrides
gui_state_default_create -off -ini
gui_set_state_value -category Layout -key child_console_size_x -value 1919
gui_set_state_value -category Layout -key child_console_size_y -value 251
gui_set_state_value -category Layout -key child_data_size_x -value 141
gui_set_state_value -category Layout -key child_data_size_y -value 624
gui_set_state_value -category Layout -key child_hier_col3 -value {-1}
gui_set_state_value -category Layout -key child_hier_colpd -value 0
gui_set_state_value -category Layout -key child_hier_size_x -value 141
gui_set_state_value -category Layout -key child_hier_size_y -value 624
gui_set_state_value -category Layout -key child_source_docknewline -value false
gui_set_state_value -category Layout -key child_source_pos_x -value {-2}
gui_set_state_value -category Layout -key child_source_pos_y -value {-15}
gui_set_state_value -category Layout -key child_source_size_x -value 1640
gui_set_state_value -category Layout -key child_source_size_y -value 619
gui_set_state_value -category Layout -key child_wave_colname -value 266
gui_set_state_value -category Layout -key child_wave_colvalue -value 267
gui_set_state_value -category Layout -key child_wave_left -value 537
gui_set_state_value -category Layout -key child_wave_right -value 1309
gui_set_state_value -category Layout -key main_pos_x -value 0
gui_set_state_value -category Layout -key main_pos_y -value 60
gui_set_state_value -category Layout -key main_size_x -value 1919
gui_set_state_value -category Layout -key main_size_y -value 1030
gui_set_state_value -category Layout -key stand_wave_child_docknewline -value false
gui_set_state_value -category Layout -key stand_wave_child_pos_x -value {-2}
gui_set_state_value -category Layout -key stand_wave_child_pos_y -value {-15}
gui_set_state_value -category Layout -key stand_wave_child_size_x -value 1856
gui_set_state_value -category Layout -key stand_wave_child_size_y -value 859
gui_set_state_value -category Layout -key stand_wave_top_pos_x -value 29
gui_set_state_value -category Layout -key stand_wave_top_pos_y -value 68
gui_set_state_value -category Layout -key stand_wave_top_size_x -value 1880
gui_set_state_value -category Layout -key stand_wave_top_size_y -value 1027
gui_create_state_key -category FindDialog -key m_pMatchCase -value_type bool -value false
gui_create_state_key -category FindDialog -key m_pMatchWord -value_type bool -value false
gui_create_state_key -category FindDialog -key m_pUseCombo -value_type string -value {}
gui_create_state_key -category FindDialog -key m_pWrapAround -value_type bool -value true
gui_state_default_create -off

# Begin command logging
gui_sim_run Ucli -exe ./simv -args {-ucligui  } -dir .
gui_list_expand -id  Hier.1   FullAdder_tb
gui_list_select -id Hier.1 -current_item_name FullAdder_tb.u_FullAdder -current_item_type Scope  -selected  { FullAdder_tb.u_FullAdder   }
gui_list_select -id Data.1 -selected  { FullAdder_tb.u_FullAdder.A  FullAdder_tb.u_FullAdder.B  FullAdder_tb.u_FullAdder.CIN  FullAdder_tb.u_FullAdder.COUT  FullAdder_tb.u_FullAdder.S   }
gui_open_window Wave
gui_list_add -id Wave.1 -from Data.1 { FullAdder_tb.u_FullAdder.A FullAdder_tb.u_FullAdder.B FullAdder_tb.u_FullAdder.CIN FullAdder_tb.u_FullAdder.COUT FullAdder_tb.u_FullAdder.S } -insertionbar
gui_sim_continue  
gui_marker_move -id  Wave.1 C1 2849786
gui_marker_move -id  Wave.1 C1 2849791
gui_marker_select -id  Wave.1 { C1 }
gui_marker_move -id  Wave.1 C1 2849815
gui_marker_move -id  Wave.1 C1 2849829
gui_marker_move -id  Wave.1 C1 2849934
gui_zoom -window Wave.1 -full
gui_wv_scroll_hslidermove -id  Wave.1 0
gui_wv_scroll_hslidermove -id  Wave.1 0
gui_wv_scroll_hslidermove -id  Wave.1 0
gui_wv_scroll_hslidermove -id  Wave.1 0
gui_wv_scroll_hslidermove -id  Wave.1 0
gui_marker_move -id  Wave.1 C1 373662
gui_marker_move -id  Wave.1 C1 528433
gui_marker_move -id  Wave.1 C1 1114352
gui_marker_move -id  Wave.1 C1 1472537
gui_marker_move -id  Wave.1 C1 2016447
gui_marker_move -id  Wave.1 C1 1914740
gui_marker_move -id  Wave.1 C1 1810822
gui_list_select -id Wave.1 -selected  { FullAdder_tb.u_FullAdder.S  {New Group}  FullAdder_tb.u_FullAdder.COUT  FullAdder_tb.u_FullAdder.CIN  FullAdder_tb.u_FullAdder.B  FullAdder_tb.u_FullAdder.A   }
gui_marker_move -id  Wave.1 C1 773856
gui_marker_move -id  Wave.1 C1 367029
gui_list_select -id Wave.1 -selected  {  }
gui_marker_move -id  Wave.1 C1 570442
gui_marker_move -id  Wave.1 C1 19899
gui_marker_move -id  Wave.1 C1 92863
gui_marker_move -id  Wave.1 C1 119395
gui_marker_move -id  Wave.1 C1 148138
gui_marker_move -id  Wave.1 C1 190147
gui_marker_move -id  Wave.1 C1 176881
gui_marker_move -id  Wave.1 C1 256478
gui_marker_move -id  Wave.1 C1 234368
gui_marker_move -id  Wave.1 C1 271955
gui_marker_move -id  Wave.1 C1 382506
gui_close_window -window TopLevel.2
