set ucliGUI::state
set ucliGUI::state
ucliCore::getToolPID
synopsys::env hasTB
trigger_hier_stack_context_switch 0
synUtils::setDVEInitPhase 1
synopsys::dump -type VPD -file /mnt/DigitalICD/fulladder/sim/inter.vpd -locking
synopsys::dump -autoflush on -fid VPD0
set ::dve_fid VPD0
synUtils::setDVEInitPhase 0
ucliCore::getToolPID
synUtils::sendTool -active _icl_setToolSocket /tmp/smlnpTdztRX
synUtils::sendTool -active {_icl_start_rpc -version "O-2018.09-SP2-2_Full64" -sync_file /tmp/vcs_dve_rpc.user.12282}
synUtils::sendTool -active {_icl_createSharedMemory /tmp/vcs_dve_general.user.12282}
config endofsim noexit
config onfail enable all
config syscaddplainmembers
config syscaddsourcenames
config syscaddstructtypes
synopsys::listing -disable
synopsys::dump -add {full_add2_tb.u_full_add2.a full_add2_tb.u_full_add2.b full_add2_tb.u_full_add2.cin full_add2_tb.u_full_add2.clk full_add2_tb.u_full_add2.cout full_add2_tb.u_full_add2.reset_n full_add2_tb.u_full_add2.sum } -aggregates  -fid VPD0
synopsys::run
set ucliGUI::state
set ucliGUI::state
set ucliGUI::state
set ucliGUI::state
if [catch {gui_sim_terminate}] {gui_sim_terminate -kill}
synopsys::finish
set ucliGUI::state
set ucliGUI::state
ucli_exit
