22:54:13    16 -->                                                             [tcl] ucliGUI::connect -toolargs -ucligui -toolexe ./simv -pid 12282 -toolin /tmp/vcs_20240918145404_12281_.stdin -toolout /tmp/vcs_20240918145404_12281_.stdout  
22:54:13    17 -->                                                                 [tcl] set ucliGUI::state
22:54:13    18 -->                                                                     [tcl] gui_update_simulator_buttons
22:54:21    19 -->                                                                         [tcl] set ucliGUI::state
22:54:21    20 -->                                                                             [tcl] ucliCore::getToolPID
22:54:21    21 -->                                                                                 [tcl] synopsys::env hasTB
22:54:21    22 -->                                                                                     [tcl] trigger_hier_stack_context_switch 0
22:54:21    23 -->                                                                                         [tcl] synUtils::setDVEInitPhase 1
22:54:21    24 -->                                                                                             [tcl] gui_get_env SIMSETUP::SIMVPD
22:54:21    25 --> ...  [tcl] synopsys::dump -type VPD -file /mnt/DigitalICD/fulladder/sim/inter.vpd -locking
22:54:21    26 --> ...      [tcl] synopsys::dump -autoflush on -fid VPD0
22:54:21    27 --> ...          [tcl] set ::dve_fid VPD0
22:54:21    28 --> ...              [tcl] synUtils::setDVEInitPhase 0
22:54:21    29 --> ...                  [tcl] ucliCore::getToolPID
22:54:21    30 --> ...                      [tcl] synUtils::sendTool -active _icl_setToolSocket /tmp/smlnpTdztRX
22:54:21    31 --> ...                          [tcl] synUtils::sendTool -active {_icl_start_rpc -version "O-2018.09-SP2-2_Full64" -sync_file /tmp/vcs_dve_rpc.user.12282}
22:54:21    32 --> ...                              [tcl] synUtils::sendTool -active {_icl_createSharedMemory /tmp/vcs_dve_general.user.12282}
22:54:21    33 --> ...                                  [tcl] dveMisc::vbusExpand full_add2_tb
22:54:21    34 --> ...                                      [tcl] config endofsim noexit
22:54:21    35 --> ...                                          [tcl] config onfail enable all
22:54:21    36 --> ...                                              [tcl] config syscaddplainmembers
22:54:21    37 --> ...                                                  [tcl] config syscaddsourcenames
22:54:21    38 --> ...                                                      [tcl] config syscaddstructtypes
22:54:21    39 --> ...                                                          [tcl] synopsys::listing -disable
22:54:26    40 --> ...                                                              [tcl] dveMisc::vbusExpand full_add2_tb.u_full_add2
22:54:29    41 --> ...                                                                  [tcl] synopsys::dump -add {full_add2_tb.u_full_add2.a full_add2_tb.u_full_add2.b full_add2_tb.u_full_add2.cin full_add2_tb.u_full_add2.clk full_add2_tb.u_full_add2.cout full_add2_tb.u_full_add2.reset_n full_add2_tb.u_full_add2.sum } -aggregates  -fid VPD0
22:54:31    42 --> ...                                                                      [tcl] synopsys::run
22:54:31    43 --> ...                                                                          [tcl] set ucliGUI::state
22:54:31    44 --> ...                                                                              [tcl] gui_update_simulator_buttons
22:54:31    45 --> ...                                                                                  [tcl] set ucliGUI::state
22:54:31    46 --> ...                                                                                      [tcl] set ucliGUI::state
22:54:31    47 --> ...                                                                                          [tcl] set ucliGUI::state
22:54:31    48 --> ...                                                                                              [tcl] catch {senv activeDomain} dveMisc::result 
22:54:31    49 --> ...                                                                                                  [tcl] set dveMisc::result
22:54:31    50 --> ...  [tcl] gui_update_simulator_buttons
22:54:37    51 --> ...      [tcl] if [catch {gui_sim_terminate}] {gui_sim_terminate -kill}
22:54:37    52 --> ...          [tcl] synopsys::finish
22:54:37    53 --> ...              [tcl] set ucliGUI::state
22:54:37    54 --> ...                  [tcl] gui_update_simulator_buttons
22:54:37    55 --> ...                      [tcl] set ucliGUI::state
22:54:37    56 --> ...                          [tcl] catch {senv activeDomain} dveMisc::result 
22:54:37    57 --> ...                              [tcl] set dveMisc::result
22:54:37    58 --> ...                                  [tcl] gui_update_simulator_buttons
22:54:37    59 --> ...                                      [tcl] catch {senv activeDomain} dveMisc::result 
22:54:37    60 --> ...                                          [tcl] set dveMisc::result
22:54:37    61 --> ...                                              [tcl] ucli_exit
