# Preference setting overrides
gui_create_pref_key -category {Globals} -key {load_detail_for_funcov} -value_type {bool} -value {false}

# State setting overrides
gui_state_default_create -off -ini
gui_set_state_value -category Layout -key child_console_size_x -value 1919
gui_set_state_value -category Layout -key child_console_size_y -value 169
gui_set_state_value -category Layout -key child_data_size_x -value 164
gui_set_state_value -category Layout -key child_data_size_y -value 706
gui_set_state_value -category Layout -key child_hier_col3 -value {-1}
gui_set_state_value -category Layout -key child_hier_colpd -value 0
gui_set_state_value -category Layout -key child_hier_size_x -value 164
gui_set_state_value -category Layout -key child_hier_size_y -value 706
gui_set_state_value -category Layout -key child_source_docknewline -value false
gui_set_state_value -category Layout -key child_source_pos_x -value {-2}
gui_set_state_value -category Layout -key child_source_pos_y -value {-15}
gui_set_state_value -category Layout -key child_source_size_x -value 1594
gui_set_state_value -category Layout -key child_source_size_y -value 701
gui_set_state_value -category Layout -key child_wave_colname -value 267
gui_set_state_value -category Layout -key child_wave_colvalue -value 267
gui_set_state_value -category Layout -key child_wave_left -value 539
gui_set_state_value -category Layout -key child_wave_right -value 1315
gui_set_state_value -category Layout -key main_pos_x -value 0
gui_set_state_value -category Layout -key main_pos_y -value 60
gui_set_state_value -category Layout -key main_size_x -value 1919
gui_set_state_value -category Layout -key main_size_y -value 1030
gui_set_state_value -category Layout -key stand_wave_child_docknewline -value false
gui_set_state_value -category Layout -key stand_wave_child_pos_x -value {-2}
gui_set_state_value -category Layout -key stand_wave_child_pos_y -value {-15}
gui_set_state_value -category Layout -key stand_wave_child_size_x -value 1864
gui_set_state_value -category Layout -key stand_wave_child_size_y -value 867
gui_set_state_value -category Layout -key stand_wave_top_pos_x -value 3
gui_set_state_value -category Layout -key stand_wave_top_pos_y -value 60
gui_set_state_value -category Layout -key stand_wave_top_size_x -value 1862
gui_set_state_value -category Layout -key stand_wave_top_size_y -value 1027
gui_create_state_key -category FindDialog -key m_pMatchCase -value_type bool -value false
gui_create_state_key -category FindDialog -key m_pMatchWord -value_type bool -value false
gui_create_state_key -category FindDialog -key m_pUseCombo -value_type string -value {}
gui_create_state_key -category FindDialog -key m_pWrapAround -value_type bool -value true
gui_state_default_create -off

# Begin command logging
gui_sim_run Ucli -exe ./simv -args {-ucligui  } -dir .
gui_list_expand -id  Hier.1   full_add2_tb
gui_list_select -id Hier.1 -current_item_name full_add2_tb.u_full_add2 -current_item_type Scope  -selected  { full_add2_tb.u_full_add2   }
gui_list_select -id Data.1 -selected  { full_add2_tb.u_full_add2.a  full_add2_tb.u_full_add2.b  full_add2_tb.u_full_add2.cin  full_add2_tb.u_full_add2.clk  full_add2_tb.u_full_add2.reset_n  full_add2_tb.u_full_add2.sum  full_add2_tb.u_full_add2.cout   }
gui_open_window Wave
gui_list_add -id Wave.1 -from Data.1 { full_add2_tb.u_full_add2.a full_add2_tb.u_full_add2.b full_add2_tb.u_full_add2.cin full_add2_tb.u_full_add2.clk full_add2_tb.u_full_add2.reset_n full_add2_tb.u_full_add2.sum full_add2_tb.u_full_add2.cout } -insertionbar
gui_sim_continue  
gui_marker_move -id  Wave.1 C1 230
gui_marker_move -id  Wave.1 C1 219
gui_close_window -window TopLevel.2
