Command: vcs -debug +v2k -full64 -sverilog -timescale=1ns/1ps -l com.log -LDFLAGS \
-Wl,--no-as-needed -sverilog -f rtl_list.f -f dv_list.f
                         Chronologic VCS (TM)
      Version O-2018.09-SP2-2_Full64 -- Thu Sep 19 00:31:48 2024
               Copyright (c) 1991-2018 by Synopsys Inc.
                         ALL RIGHTS RESERVED

This program is proprietary and confidential information of Synopsys Inc.
and may be used and disclosed only as authorized in a license agreement
controlling such use and disclosure.

Parsing design file '../src/FullAdder.v'
Parsing design file './FullAdder_tb.sv'
Top Level Modules:
       FullAdder_tb
TimeScale is 1 ns / 1 ps
Starting vcs inline pass...
1 module and 0 UDP read.
recompiling module FullAdder_tb
make[1]: Entering directory '/mnt/DigitalICD/Fulladder_makefile/sim/csrc'
rm -f _csrc*.so pre_vcsobj_*.so share_vcsobj_*.so
if [ -x ../simv ]; then chmod -x ../simv; fi
g++  -o ../simv    -Wl,-rpath-link=./ -Wl,-rpath='$ORIGIN'/simv.daidir/ -Wl,-rpath=./simv.daidir/ \
-Wl,-rpath='$ORIGIN'/simv.daidir//scsim.db.dir  -Wl,--no-as-needed -rdynamic  -Wl,-rpath=/usr/synopsys/vc_static-O-2018.09-SP2-2/vcs-mx/linux64/lib \
-L/usr/synopsys/vc_static-O-2018.09-SP2-2/vcs-mx/linux64/lib   objs/amcQw_d.o   _31979_archive_1.so \
SIM_l.o       rmapats_mop.o rmapats.o rmar.o rmar_nd.o  rmar_llvm_0_1.o rmar_llvm_0_0.o \
-lnuma -lzerosoft_rt_stubs -lvirsim -lerrorinf -lsnpsmalloc -lvfs    -lvcsnew -lsimprofile \
-luclinative /usr/synopsys/vc_static-O-2018.09-SP2-2/vcs-mx/linux64/lib/vcs_tls.o \
-Wl,-whole-archive -lvcsucli -Wl,-no-whole-archive          /usr/synopsys/vc_static-O-2018.09-SP2-2/vcs-mx/linux64/lib/vcs_save_restore_new.o \
-ldl  -lc -lm -lpthread -ldl 
../simv up to date
make[1]: Leaving directory '/mnt/DigitalICD/Fulladder_makefile/sim/csrc'
CPU time: .149 seconds to compile + .107 seconds to elab + .123 seconds to link
